<?xml version="1.0" encoding="UTF-8"?>
<testsuite xmlns:xsi="http://www.w3.org/2001/XMLSchema-instance" xsi:noNamespaceSchemaLocation="https://maven.apache.org/surefire/maven-surefire-plugin/xsd/surefire-test-report.xsd" version="3.0.2" name="com.example.demo.Phuocthien3059ApplicationTests" time="3.412" tests="1" errors="0" skipped="0" failures="0">
  <properties>
[...]
</properties>
  <testcase name="contextLoads" classname="com.example.demo.Phuocthien3059ApplicationTests" time="1.0">
    <system-out><![CDATA[11:08:29.531 [main] INFO org.springframework.test.context.support.AnnotationConfigContextLoaderUtils -- Could not detect default configuration classes for test class [com.example.demo.Phuocthien3059ApplicationTests]: Phuocthien3059ApplicationTests does not declare any static, non-private, non-final, nested classes annotated with @Configuration.
11:08:29.700 [main] INFO org.springframework.boot.test.context.SpringBootTestContextBootstrapper -- Found @SpringBootConfiguration com.example.demo.Phuocthien3059Application for test class com.example.demo.Phuocthien3059ApplicationTests

  .   ____          _            __ _ _
 /\\ / ___'_ __ _ _(_)_ __  __ _ \ \ \ \
( ( )\___ | '_ | '_| | '_ \/ _` | \ \ \ \
 \\/  ___)| |_)| | | | | || (_| |  ) ) ) )
  '  |____| .__|_| |_|_| |_\__, | / / / /
 =========|_|==============|___/=/_/_/_/

 :: Spring Boot ::                (v4.0.3)

2026-03-25T11:08:30.329+07:00  INFO 26372 --- [phuocthien3059] [           main] c.e.demo.Phuocthien3059ApplicationTests  : Starting Phuocthien3059ApplicationTests using Java 25 with PID 26372 (started by Thien in C:\Users\Thien\Downloads\phuocthien3059)
2026-03-25T11:08:30.330+07:00  INFO 26372 --- [phuocthien3059] [           main] c.e.demo.Phuocthien3059ApplicationTests  : No active profile set, falling back to 1 default profile: "default"
2026-03-25T11:08:31.226+07:00  INFO 26372 --- [phuocthien3059] [           main] o.s.b.w.a.WelcomePageHandlerMapping      : Adding welcome page template: index
2026-03-25T11:08:31.697+07:00  INFO 26372 --- [phuocthien3059] [           main] c.e.demo.Phuocthien3059ApplicationTests  : Started Phuocthien3059ApplicationTests in 1.765 seconds (process running for 3.113)
]]></system-out>
    <system-err><![CDATA[Mockito is currently self-attaching to enable the inline-mock-maker. This will no longer work in future releases of the JDK. Please add Mockito as an agent to your build as described in Mockito's documentation: https://javadoc.io/doc/org.mockito/mockito-core/latest/org.mockito/org/mockito/Mockito.html#0.3
WARNING: A Java agent has been loaded dynamically (C:\Users\Thien\.m2\repository\net\bytebuddy\byte-buddy-agent\1.17.8\byte-buddy-agent-1.17.8.jar)
WARNING: If a serviceability tool is in use, please run with -XX:+EnableDynamicAgentLoading to hide this warning
WARNING: If a serviceability tool is not in use, please run with -Djdk.instrument.traceUsage for more information
WARNING: Dynamic loading of agents will be disallowed by default in a future release
]]></system-err>
  </testcase>
</testsuite>